{"level":"info","message":"Connecting to database...","service":"tuition-system","timestamp":"2025-04-22 15:13:37"}
{"level":"info","message":"Database connection successful","service":"tuition-system","timestamp":"2025-04-22T09:43:37.814Z"}
{"level":"info","message":"Users table test successful","service":"tuition-system","timestamp":"2025-04-22 15:13:37","userCount":1}
{"level":"info","message":"Insert test successful","service":"tuition-system","timestamp":"2025-04-22 15:13:37","user":{"email":"test@example.com","id":5,"name":"Test User","role":"student"}}
{"level":"info","message":"Test data cleaned up successfully","service":"tuition-system","timestamp":"2025-04-22 15:13:37"}
{"level":"info","message":"Successfully connected to PostgreSQL database","service":"tuition-system","timestamp":"2025-04-22 15:13:37"}
{"level":"info","message":"PostgreSQL version:","service":"tuition-system","timestamp":"2025-04-22 15:13:37","version":"PostgreSQL 17.2 on x86_64-windows, compiled by msvc-19.42.34435, 64-bit"}
{"backupFile":"G:\\4y Research Project\\New folder\\deployment\\smart-tuition-system\\backend\\backups\\backup-2025-04-22T09-45-23-197Z.sql","level":"info","message":"Starting database backup...","service":"tuition-system","timestamp":"2025-04-22 15:15:23"}
{"level":"info","message":"Connecting to database...","service":"tuition-system","timestamp":"2025-04-22 15:15:23"}
{"level":"info","message":"Server running on port 5000","service":"tuition-system","timestamp":"2025-04-22 15:15:23"}
{"error":"Command failed: pg_dump -h undefined -p undefined -U undefined -d undefined -F p > \"G:\\4y Research Project\\New folder\\deployment\\smart-tuition-system\\backend\\backups\\backup-2025-04-22T09-45-23-197Z.sql\"\npg_dump: error: invalid integer value \"undefined\" for connection option \"port\"\r\n","level":"error","message":"Backup failed:","service":"tuition-system","timestamp":"2025-04-22 15:15:23"}
{"level":"info","message":"Successfully connected to PostgreSQL database","service":"tuition-system","timestamp":"2025-04-22 15:15:23"}
{"level":"info","message":"PostgreSQL version:","service":"tuition-system","timestamp":"2025-04-22 15:15:23","version":"PostgreSQL 17.2 on x86_64-windows, compiled by msvc-19.42.34435, 64-bit"}
{"backupFile":"G:\\4y Research Project\\New folder\\deployment\\smart-tuition-system\\backend\\backups\\backup-2025-04-22T09-46-27-214Z.sql","level":"info","message":"Starting database backup...","service":"tuition-system","timestamp":"2025-04-22 15:16:27"}
{"level":"info","message":"Connecting to database...","service":"tuition-system","timestamp":"2025-04-22 15:16:27"}
{"level":"info","message":"Server running on port 5000","service":"tuition-system","timestamp":"2025-04-22 15:16:27"}
{"error":"Command failed: pg_dump -h undefined -p undefined -U undefined -d undefined -F p > \"G:\\4y Research Project\\New folder\\deployment\\smart-tuition-system\\backend\\backups\\backup-2025-04-22T09-46-27-214Z.sql\"\npg_dump: error: invalid integer value \"undefined\" for connection option \"port\"\r\n","level":"error","message":"Backup failed:","service":"tuition-system","timestamp":"2025-04-22 15:16:27"}
{"level":"info","message":"Successfully connected to PostgreSQL database","service":"tuition-system","timestamp":"2025-04-22 15:16:27"}
{"level":"info","message":"PostgreSQL version:","service":"tuition-system","timestamp":"2025-04-22 15:16:27","version":"PostgreSQL 17.2 on x86_64-windows, compiled by msvc-19.42.34435, 64-bit"}
{"backupFile":"G:\\4y Research Project\\New folder\\deployment\\smart-tuition-system\\backend\\backups\\backup-2025-04-22T09-46-43-273Z.sql","level":"info","message":"Starting database backup...","pgDumpPath":"C:\\Program Files\\PostgreSQL\\17\\bin\\pg_dump.exe","service":"tuition-system","timestamp":"2025-04-22 15:16:43"}
{"level":"info","message":"Connecting to database...","service":"tuition-system","timestamp":"2025-04-22 15:16:43"}
{"level":"info","message":"Server running on port 5000","service":"tuition-system","timestamp":"2025-04-22 15:16:43"}
{"code":1,"error":"Command failed: \"C:\\Program Files\\PostgreSQL\\17\\bin\\pg_dump.exe\" -h undefined -p undefined -U undefined -d undefined -F p -f \"G:\\4y Research Project\\New folder\\deployment\\smart-tuition-system\\backend\\backups\\backup-2025-04-22T09-46-43-273Z.sql\"\npg_dump: error: invalid integer value \"undefined\" for connection option \"port\"\r\n","level":"error","message":"Backup failed:","service":"tuition-system","signal":null,"timestamp":"2025-04-22 15:16:43"}
{"error":"Command failed: \"C:\\Program Files\\PostgreSQL\\17\\bin\\pg_dump.exe\" -h undefined -p undefined -U undefined -d undefined -F p -f \"G:\\4y Research Project\\New folder\\deployment\\smart-tuition-system\\backend\\backups\\backup-2025-04-22T09-46-43-273Z.sql\"\npg_dump: error: invalid integer value \"undefined\" for connection option \"port\"\r\n","level":"error","message":"Backup failed, continuing without backup","service":"tuition-system","timestamp":"2025-04-22 15:16:43"}
{"level":"info","message":"Successfully connected to PostgreSQL database","service":"tuition-system","timestamp":"2025-04-22 15:16:43"}
{"level":"info","message":"PostgreSQL version:","service":"tuition-system","timestamp":"2025-04-22 15:16:43","version":"PostgreSQL 17.2 on x86_64-windows, compiled by msvc-19.42.34435, 64-bit"}
{"backupFile":"G:\\4y Research Project\\New folder\\deployment\\smart-tuition-system\\backend\\backups\\backup-2025-04-22T09-53-27-506Z.sql","level":"info","message":"Starting database backup...","pgDumpPath":"C:\\Program Files\\PostgreSQL\\17\\bin\\pg_dump.exe","service":"tuition-system","timestamp":"2025-04-22 15:23:27"}
{"level":"info","message":"Connecting to database...","service":"tuition-system","timestamp":"2025-04-22 15:23:27"}
{"level":"info","message":"Server running on port 5000","service":"tuition-system","timestamp":"2025-04-22 15:23:27"}
{"code":1,"error":"Command failed: \"C:\\Program Files\\PostgreSQL\\17\\bin\\pg_dump.exe\" -h undefined -p undefined -U undefined -d undefined -F p -f \"G:\\4y Research Project\\New folder\\deployment\\smart-tuition-system\\backend\\backups\\backup-2025-04-22T09-53-27-506Z.sql\"\npg_dump: error: invalid integer value \"undefined\" for connection option \"port\"\r\n","level":"error","message":"Backup failed:","service":"tuition-system","signal":null,"timestamp":"2025-04-22 15:23:27"}
{"error":"Command failed: \"C:\\Program Files\\PostgreSQL\\17\\bin\\pg_dump.exe\" -h undefined -p undefined -U undefined -d undefined -F p -f \"G:\\4y Research Project\\New folder\\deployment\\smart-tuition-system\\backend\\backups\\backup-2025-04-22T09-53-27-506Z.sql\"\npg_dump: error: invalid integer value \"undefined\" for connection option \"port\"\r\n","level":"error","message":"Backup failed, continuing without backup","service":"tuition-system","timestamp":"2025-04-22 15:23:27"}
{"level":"info","message":"Successfully connected to PostgreSQL database","service":"tuition-system","timestamp":"2025-04-22 15:23:27"}
{"level":"info","message":"PostgreSQL version:","service":"tuition-system","timestamp":"2025-04-22 15:23:27","version":"PostgreSQL 17.2 on x86_64-windows, compiled by msvc-19.42.34435, 64-bit"}
{"level":"info","message":"Connecting to database...","service":"tuition-system","timestamp":"2025-04-22 15:38:01"}
{"backupFile":"G:\\4y Research Project\\New folder\\deployment\\smart-tuition-system\\backend\\backups\\backup-2025-04-22T10-08-01-994Z.sql","dbConfig":{"database":"tuition_management","host":"localhost","port":"5421","user":"postgres"},"level":"info","message":"Starting database backup...","pgDumpPath":"C:\\Program Files\\PostgreSQL\\17\\bin\\pg_dump.exe","service":"tuition-system","timestamp":"2025-04-22 15:38:01"}
{"level":"info","message":"Successfully connected to PostgreSQL database","service":"tuition-system","timestamp":"2025-04-22 15:38:02"}
{"level":"info","message":"PostgreSQL version:","service":"tuition-system","timestamp":"2025-04-22 15:38:02","version":"PostgreSQL 17.2 on x86_64-windows, compiled by msvc-19.42.34435, 64-bit"}
{"backupFile":"G:\\4y Research Project\\New folder\\deployment\\smart-tuition-system\\backend\\backups\\backup-2025-04-22T10-08-01-994Z.sql","level":"info","message":"Backup completed successfully","service":"tuition-system","timestamp":"2025-04-22 15:38:02"}
{"level":"info","message":"Connecting to database...","service":"tuition-system","timestamp":"2025-04-22 15:38:16"}
{"backupFile":"G:\\4y Research Project\\New folder\\deployment\\smart-tuition-system\\backend\\backups\\backup-2025-04-22T10-08-16-476Z.sql","dbConfig":{"database":"tuition_management","host":"localhost","port":"5421","user":"postgres"},"level":"info","message":"Starting database backup...","pgDumpPath":"C:\\Program Files\\PostgreSQL\\17\\bin\\pg_dump.exe","service":"tuition-system","timestamp":"2025-04-22 15:38:16"}
{"level":"info","message":"Successfully connected to PostgreSQL database","service":"tuition-system","timestamp":"2025-04-22 15:38:16"}
{"level":"info","message":"PostgreSQL version:","service":"tuition-system","timestamp":"2025-04-22 15:38:16","version":"PostgreSQL 17.2 on x86_64-windows, compiled by msvc-19.42.34435, 64-bit"}
{"backupFile":"G:\\4y Research Project\\New folder\\deployment\\smart-tuition-system\\backend\\backups\\backup-2025-04-22T10-08-16-476Z.sql","level":"info","message":"Backup completed successfully","service":"tuition-system","timestamp":"2025-04-22 15:38:16"}
{"backupFile":"G:\\4y Research Project\\New folder\\deployment\\smart-tuition-system\\backend\\backups\\backup-2025-04-22T10-08-16-476Z.sql","level":"info","message":"Backup completed successfully","service":"tuition-system","timestamp":"2025-04-22 15:38:16"}
{"level":"info","message":"Server running on port 5000","service":"tuition-system","timestamp":"2025-04-22 15:38:16"}
{"level":"info","message":"Connecting to database...","service":"tuition-system","timestamp":"2025-04-22 15:38:23"}
{"backupFile":"G:\\4y Research Project\\New folder\\deployment\\smart-tuition-system\\backend\\backups\\backup-2025-04-22T10-08-23-266Z.sql","dbConfig":{"database":"tuition_management","host":"localhost","port":"5421","user":"postgres"},"level":"info","message":"Starting database backup...","pgDumpPath":"C:\\Program Files\\PostgreSQL\\17\\bin\\pg_dump.exe","service":"tuition-system","timestamp":"2025-04-22 15:38:23"}
{"level":"info","message":"Successfully connected to PostgreSQL database","service":"tuition-system","timestamp":"2025-04-22 15:38:23"}
{"level":"info","message":"PostgreSQL version:","service":"tuition-system","timestamp":"2025-04-22 15:38:23","version":"PostgreSQL 17.2 on x86_64-windows, compiled by msvc-19.42.34435, 64-bit"}
{"backupFile":"G:\\4y Research Project\\New folder\\deployment\\smart-tuition-system\\backend\\backups\\backup-2025-04-22T10-08-23-266Z.sql","level":"info","message":"Backup completed successfully","service":"tuition-system","timestamp":"2025-04-22 15:38:23"}
{"level":"info","message":"Connecting to database...","service":"tuition-system","timestamp":"2025-04-22 15:41:18"}
{"backupFile":"G:\\4y Research Project\\New folder\\deployment\\smart-tuition-system\\backend\\backups\\backup-2025-04-22T10-11-18-455Z.sql","dbConfig":{"database":"tuition_management","host":"localhost","port":"5421","user":"postgres"},"level":"info","message":"Starting database backup...","pgDumpPath":"C:\\Program Files\\PostgreSQL\\17\\bin\\pg_dump.exe","service":"tuition-system","timestamp":"2025-04-22 15:41:18"}
{"level":"info","message":"Successfully connected to PostgreSQL database","service":"tuition-system","timestamp":"2025-04-22 15:41:18"}
{"level":"info","message":"PostgreSQL version:","service":"tuition-system","timestamp":"2025-04-22 15:41:18","version":"PostgreSQL 17.2 on x86_64-windows, compiled by msvc-19.42.34435, 64-bit"}
{"backupFile":"G:\\4y Research Project\\New folder\\deployment\\smart-tuition-system\\backend\\backups\\backup-2025-04-22T10-11-18-455Z.sql","level":"info","message":"Backup completed successfully","service":"tuition-system","timestamp":"2025-04-22 15:41:18"}
{"level":"info","message":"Connecting to database...","service":"tuition-system","timestamp":"2025-04-22 15:41:36"}
{"backupFile":"G:\\4y Research Project\\New folder\\deployment\\smart-tuition-system\\backend\\backups\\backup-2025-04-22T10-11-36-154Z.sql","dbConfig":{"database":"tuition_management","host":"localhost","port":"5421","user":"postgres"},"level":"info","message":"Starting database backup...","pgDumpPath":"C:\\Program Files\\PostgreSQL\\17\\bin\\pg_dump.exe","service":"tuition-system","timestamp":"2025-04-22 15:41:36"}
{"level":"info","message":"Successfully connected to PostgreSQL database","service":"tuition-system","timestamp":"2025-04-22 15:41:36"}
{"level":"info","message":"PostgreSQL version:","service":"tuition-system","timestamp":"2025-04-22 15:41:36","version":"PostgreSQL 17.2 on x86_64-windows, compiled by msvc-19.42.34435, 64-bit"}
{"backupFile":"G:\\4y Research Project\\New folder\\deployment\\smart-tuition-system\\backend\\backups\\backup-2025-04-22T10-11-36-154Z.sql","level":"info","message":"Backup completed successfully","service":"tuition-system","timestamp":"2025-04-22 15:41:36"}
{"level":"warn","message":"Port 5000 is in use, trying next port","service":"tuition-system","timestamp":"2025-04-22 15:41:36"}
{"level":"info","message":"Server running on port 5001","service":"tuition-system","timestamp":"2025-04-22 15:41:36"}
{"level":"info","message":"Connecting to database...","service":"tuition-system","timestamp":"2025-04-22 15:43:17"}
{"backupFile":"G:\\4y Research Project\\New folder\\deployment\\smart-tuition-system\\backend\\backups\\backup-2025-04-22T10-13-17-730Z.sql","dbConfig":{"database":"tuition_management","host":"localhost","port":"5421","user":"postgres"},"level":"info","message":"Starting database backup...","pgDumpPath":"C:\\Program Files\\PostgreSQL\\17\\bin\\pg_dump.exe","service":"tuition-system","timestamp":"2025-04-22 15:43:17"}
{"level":"info","message":"Successfully connected to PostgreSQL database","service":"tuition-system","timestamp":"2025-04-22 15:43:17"}
{"level":"info","message":"PostgreSQL version:","service":"tuition-system","timestamp":"2025-04-22 15:43:17","version":"PostgreSQL 17.2 on x86_64-windows, compiled by msvc-19.42.34435, 64-bit"}
{"backupFile":"G:\\4y Research Project\\New folder\\deployment\\smart-tuition-system\\backend\\backups\\backup-2025-04-22T10-13-17-730Z.sql","level":"info","message":"Backup completed successfully","service":"tuition-system","timestamp":"2025-04-22 15:43:17"}
{"level":"warn","message":"Port 5000 is in use, trying next port","service":"tuition-system","timestamp":"2025-04-22 15:43:17"}
{"level":"info","message":"Server running on port 5001","service":"tuition-system","timestamp":"2025-04-22 15:43:17"}
{"level":"info","message":"Connecting to database...","service":"tuition-system","timestamp":"2025-04-22 15:43:18"}
{"backupFile":"G:\\4y Research Project\\New folder\\deployment\\smart-tuition-system\\backend\\backups\\backup-2025-04-22T10-13-18-352Z.sql","dbConfig":{"database":"tuition_management","host":"localhost","port":"5421","user":"postgres"},"level":"info","message":"Starting database backup...","pgDumpPath":"C:\\Program Files\\PostgreSQL\\17\\bin\\pg_dump.exe","service":"tuition-system","timestamp":"2025-04-22 15:43:18"}
{"level":"info","message":"Successfully connected to PostgreSQL database","service":"tuition-system","timestamp":"2025-04-22 15:43:18"}
{"level":"info","message":"PostgreSQL version:","service":"tuition-system","timestamp":"2025-04-22 15:43:18","version":"PostgreSQL 17.2 on x86_64-windows, compiled by msvc-19.42.34435, 64-bit"}
{"backupFile":"G:\\4y Research Project\\New folder\\deployment\\smart-tuition-system\\backend\\backups\\backup-2025-04-22T10-13-18-352Z.sql","level":"info","message":"Backup completed successfully","service":"tuition-system","timestamp":"2025-04-22 15:43:18"}
{"level":"warn","message":"Port 5000 is in use, trying next port","service":"tuition-system","timestamp":"2025-04-22 15:43:18"}
{"level":"warn","message":"Port 5001 is in use, trying next port","service":"tuition-system","timestamp":"2025-04-22 15:43:18"}
{"level":"info","message":"Server running on port 5002","service":"tuition-system","timestamp":"2025-04-22 15:43:18"}
{"level":"info","message":"Connecting to database...","service":"tuition-system","timestamp":"2025-04-22 15:44:23"}
{"backupFile":"G:\\4y Research Project\\New folder\\deployment\\smart-tuition-system\\backend\\backups\\backup-2025-04-22T10-14-23-308Z.sql","dbConfig":{"database":"tuition_management","host":"localhost","port":"5421","user":"postgres"},"level":"info","message":"Starting database backup...","pgDumpPath":"C:\\Program Files\\PostgreSQL\\17\\bin\\pg_dump.exe","service":"tuition-system","timestamp":"2025-04-22 15:44:23"}
{"level":"info","message":"Successfully connected to PostgreSQL database","service":"tuition-system","timestamp":"2025-04-22 15:44:23"}
{"level":"info","message":"PostgreSQL version:","service":"tuition-system","timestamp":"2025-04-22 15:44:23","version":"PostgreSQL 17.2 on x86_64-windows, compiled by msvc-19.42.34435, 64-bit"}
{"backupFile":"G:\\4y Research Project\\New folder\\deployment\\smart-tuition-system\\backend\\backups\\backup-2025-04-22T10-14-23-308Z.sql","level":"info","message":"Backup completed successfully","service":"tuition-system","timestamp":"2025-04-22 15:44:23"}
{"level":"info","message":"Server running on port 5000","service":"tuition-system","timestamp":"2025-04-22 15:44:23"}
{"level":"info","message":"Connecting to database...","service":"tuition-system","timestamp":"2025-04-22 15:46:09"}
{"backupFile":"G:\\4y Research Project\\New folder\\deployment\\smart-tuition-system\\backend\\backups\\backup-2025-04-22T10-16-09-485Z.sql","dbConfig":{"database":"tuition_management","host":"localhost","port":"5421","user":"postgres"},"level":"info","message":"Starting database backup...","pgDumpPath":"C:\\Program Files\\PostgreSQL\\17\\bin\\pg_dump.exe","service":"tuition-system","timestamp":"2025-04-22 15:46:09"}
{"level":"info","message":"Successfully connected to PostgreSQL database","service":"tuition-system","timestamp":"2025-04-22 15:46:09"}
{"level":"info","message":"PostgreSQL version:","service":"tuition-system","timestamp":"2025-04-22 15:46:09","version":"PostgreSQL 17.2 on x86_64-windows, compiled by msvc-19.42.34435, 64-bit"}
{"backupFile":"G:\\4y Research Project\\New folder\\deployment\\smart-tuition-system\\backend\\backups\\backup-2025-04-22T10-16-09-485Z.sql","level":"info","message":"Backup completed successfully","service":"tuition-system","timestamp":"2025-04-22 15:46:09"}
{"level":"info","message":"Server running on port 5000","service":"tuition-system","timestamp":"2025-04-22 15:46:09"}
{"level":"info","message":"Connecting to database...","service":"tuition-system","timestamp":"2025-04-22 15:59:07"}
{"backupFile":"G:\\4y Research Project\\New folder\\deployment\\smart-tuition-system\\backend\\backups\\backup-2025-04-22T10-29-07-013Z.sql","dbConfig":{"database":"tuition_management","host":"localhost","port":"5421","user":"postgres"},"level":"info","message":"Starting database backup...","pgDumpPath":"C:\\Program Files\\PostgreSQL\\17\\bin\\pg_dump.exe","service":"tuition-system","timestamp":"2025-04-22 15:59:07"}
{"level":"info","message":"Successfully connected to PostgreSQL database","service":"tuition-system","timestamp":"2025-04-22 15:59:07"}
{"level":"info","message":"PostgreSQL version:","service":"tuition-system","timestamp":"2025-04-22 15:59:07","version":"PostgreSQL 17.2 on x86_64-windows, compiled by msvc-19.42.34435, 64-bit"}
{"backupFile":"G:\\4y Research Project\\New folder\\deployment\\smart-tuition-system\\backend\\backups\\backup-2025-04-22T10-29-07-013Z.sql","level":"info","message":"Backup completed successfully","service":"tuition-system","timestamp":"2025-04-22 15:59:07"}
{"level":"info","message":"Server running on port 5000","service":"tuition-system","timestamp":"2025-04-22 15:59:07"}
{"level":"info","message":"Connecting to database...","service":"tuition-system","timestamp":"2025-04-22 15:59:09"}
{"backupFile":"G:\\4y Research Project\\New folder\\deployment\\smart-tuition-system\\backend\\backups\\backup-2025-04-22T10-29-09-345Z.sql","dbConfig":{"database":"tuition_management","host":"localhost","port":"5421","user":"postgres"},"level":"info","message":"Starting database backup...","pgDumpPath":"C:\\Program Files\\PostgreSQL\\17\\bin\\pg_dump.exe","service":"tuition-system","timestamp":"2025-04-22 15:59:09"}
{"level":"info","message":"Successfully connected to PostgreSQL database","service":"tuition-system","timestamp":"2025-04-22 15:59:09"}
{"level":"info","message":"PostgreSQL version:","service":"tuition-system","timestamp":"2025-04-22 15:59:09","version":"PostgreSQL 17.2 on x86_64-windows, compiled by msvc-19.42.34435, 64-bit"}
{"backupFile":"G:\\4y Research Project\\New folder\\deployment\\smart-tuition-system\\backend\\backups\\backup-2025-04-22T10-29-09-345Z.sql","level":"info","message":"Backup completed successfully","service":"tuition-system","timestamp":"2025-04-22 15:59:09"}
{"level":"info","message":"Server running on port 5000","service":"tuition-system","timestamp":"2025-04-22 15:59:09"}
{"level":"info","message":"Connecting to database...","service":"tuition-system","timestamp":"2025-04-22 16:11:05"}
{"error":"","level":"error","message":"Database connection error:","service":"tuition-system","timestamp":"2025-04-22 16:11:05"}
{"level":"info","message":"Connecting to database...","service":"tuition-system","timestamp":"2025-04-22 16:14:46"}
{"error":"","level":"error","message":"Database connection error:","service":"tuition-system","timestamp":"2025-04-22 16:14:46"}
{"level":"info","message":"Connecting to database...","service":"tuition-system","timestamp":"2025-04-22 22:51:50"}
{"backupFile":"G:\\4y Research Project\\New folder\\deployment\\smart-tuition-system\\backend\\backups\\backup-2025-04-22T17-21-50-590Z.sql","dbConfig":{"database":"tuition_management","host":"localhost","port":"5421","user":"postgres"},"level":"info","message":"Starting database backup...","pgDumpPath":"C:\\Program Files\\PostgreSQL\\17\\bin\\pg_dump.exe","service":"tuition-system","timestamp":"2025-04-22 22:51:50"}
{"error":"Connection terminated due to connection timeout","level":"error","message":"Database connection error:","service":"tuition-system","timestamp":"2025-04-22 22:51:55"}
{"backupFile":"G:\\4y Research Project\\New folder\\deployment\\smart-tuition-system\\backend\\backups\\backup-2025-04-22T17-21-50-590Z.sql","level":"info","message":"Backup completed successfully","service":"tuition-system","timestamp":"2025-04-22 22:52:00"}
{"level":"info","message":"Server running on port 5000","service":"tuition-system","timestamp":"2025-04-22 22:52:00"}
{"level":"info","message":"Connecting to database...","service":"tuition-system","timestamp":"2025-04-22 23:37:14"}
{"backupFile":"G:\\4y Research Project\\New folder\\deployment\\smart-tuition-system\\backend\\backups\\backup-2025-04-22T18-07-14-381Z.sql","dbConfig":{"database":"tuition_management","host":"localhost","port":"5421","user":"postgres"},"level":"info","message":"Starting database backup...","pgDumpPath":"C:\\Program Files\\PostgreSQL\\17\\bin\\pg_dump.exe","service":"tuition-system","timestamp":"2025-04-22 23:37:14"}
{"level":"info","message":"Successfully connected to PostgreSQL database","service":"tuition-system","timestamp":"2025-04-22 23:37:14"}
{"level":"info","message":"PostgreSQL version:","service":"tuition-system","timestamp":"2025-04-22 23:37:14","version":"PostgreSQL 17.2 on x86_64-windows, compiled by msvc-19.42.34435, 64-bit"}
{"backupFile":"G:\\4y Research Project\\New folder\\deployment\\smart-tuition-system\\backend\\backups\\backup-2025-04-22T18-07-14-381Z.sql","level":"info","message":"Backup completed successfully","service":"tuition-system","timestamp":"2025-04-22 23:37:14"}
{"level":"info","message":"Server running on port 5000","service":"tuition-system","timestamp":"2025-04-22 23:37:14"}
{"level":"info","message":"Connecting to database...","service":"tuition-system","timestamp":"2025-04-23 10:50:40"}
{"backupFile":"G:\\4y Research Project\\New folder\\deployment\\smart-tuition-system\\backend\\backups\\backup-2025-04-23T05-20-40-380Z.sql","dbConfig":{"database":"tuition_management","host":"localhost","port":"5421","user":"postgres"},"level":"info","message":"Starting database backup...","pgDumpPath":"C:\\Program Files\\PostgreSQL\\17\\bin\\pg_dump.exe","service":"tuition-system","timestamp":"2025-04-23 10:50:40"}
{"level":"info","message":"Successfully connected to PostgreSQL database","service":"tuition-system","timestamp":"2025-04-23 10:50:40"}
{"level":"info","message":"PostgreSQL version:","service":"tuition-system","timestamp":"2025-04-23 10:50:40","version":"PostgreSQL 17.2 on x86_64-windows, compiled by msvc-19.42.34435, 64-bit"}
{"backupFile":"G:\\4y Research Project\\New folder\\deployment\\smart-tuition-system\\backend\\backups\\backup-2025-04-23T05-20-40-380Z.sql","level":"info","message":"Backup completed successfully","service":"tuition-system","timestamp":"2025-04-23 10:50:40"}
{"level":"info","message":"Server running on port 5000","service":"tuition-system","timestamp":"2025-04-23 10:50:40"}
{"level":"info","message":"Connecting to database...","service":"tuition-system","timestamp":"2025-04-23 11:30:41"}
{"backupFile":"G:\\4y Research Project\\New folder\\deployment\\smart-tuition-system\\backend\\backups\\backup-2025-04-23T06-00-41-522Z.sql","dbConfig":{"database":"tuition_management","host":"localhost","port":"5421","user":"postgres"},"level":"info","message":"Starting database backup...","pgDumpPath":"C:\\Program Files\\PostgreSQL\\17\\bin\\pg_dump.exe","service":"tuition-system","timestamp":"2025-04-23 11:30:41"}
{"level":"info","message":"Successfully connected to PostgreSQL database","service":"tuition-system","timestamp":"2025-04-23 11:30:41"}
{"level":"info","message":"PostgreSQL version:","service":"tuition-system","timestamp":"2025-04-23 11:30:41","version":"PostgreSQL 17.2 on x86_64-windows, compiled by msvc-19.42.34435, 64-bit"}
{"backupFile":"G:\\4y Research Project\\New folder\\deployment\\smart-tuition-system\\backend\\backups\\backup-2025-04-23T06-00-41-522Z.sql","level":"info","message":"Backup completed successfully","service":"tuition-system","timestamp":"2025-04-23 11:30:42"}
{"level":"info","message":"Server running on port 5000","service":"tuition-system","timestamp":"2025-04-23 11:30:42"}
{"level":"info","message":"Connecting to database...","service":"tuition-system","timestamp":"2025-04-23 17:56:49"}
{"backupFile":"G:\\4y Research Project\\New folder\\deployment\\smart-tuition-system\\backend\\backups\\backup-2025-04-23T12-26-49-301Z.sql","dbConfig":{"database":"tuition_management","host":"localhost","port":"5421","user":"postgres"},"level":"info","message":"Starting database backup...","pgDumpPath":"C:\\Program Files\\PostgreSQL\\17\\bin\\pg_dump.exe","service":"tuition-system","timestamp":"2025-04-23 17:56:49"}
{"level":"info","message":"Successfully connected to PostgreSQL database","service":"tuition-system","timestamp":"2025-04-23 17:56:49"}
{"level":"info","message":"PostgreSQL version:","service":"tuition-system","timestamp":"2025-04-23 17:56:49","version":"PostgreSQL 17.2 on x86_64-windows, compiled by msvc-19.42.34435, 64-bit"}
{"backupFile":"G:\\4y Research Project\\New folder\\deployment\\smart-tuition-system\\backend\\backups\\backup-2025-04-23T12-26-49-301Z.sql","level":"info","message":"Backup completed successfully","service":"tuition-system","timestamp":"2025-04-23 17:56:49"}
{"level":"info","message":"Server running on port 5000","service":"tuition-system","timestamp":"2025-04-23 17:56:49"}
{"level":"info","message":"Connecting to database...","service":"tuition-system","timestamp":"2025-04-23 17:57:17"}
{"backupFile":"G:\\4y Research Project\\New folder\\deployment\\smart-tuition-system\\backend\\backups\\backup-2025-04-23T12-27-17-439Z.sql","dbConfig":{"database":"tuition_management","host":"localhost","port":"5421","user":"postgres"},"level":"info","message":"Starting database backup...","pgDumpPath":"C:\\Program Files\\PostgreSQL\\17\\bin\\pg_dump.exe","service":"tuition-system","timestamp":"2025-04-23 17:57:17"}
{"backupFile":"G:\\4y Research Project\\New folder\\deployment\\smart-tuition-system\\backend\\backups\\backup-2025-04-23T12-27-17-439Z.sql","level":"info","message":"Backup completed successfully","service":"tuition-system","timestamp":"2025-04-23 17:57:17"}
{"level":"info","message":"Server running on port 5000","service":"tuition-system","timestamp":"2025-04-23 17:57:17"}
{"level":"info","message":"Successfully connected to PostgreSQL database","service":"tuition-system","timestamp":"2025-04-23 17:57:17"}
{"level":"info","message":"PostgreSQL version:","service":"tuition-system","timestamp":"2025-04-23 17:57:17","version":"PostgreSQL 17.2 on x86_64-windows, compiled by msvc-19.42.34435, 64-bit"}
{"level":"info","message":"Connecting to database...","service":"tuition-system","timestamp":"2025-04-23 19:34:39"}
{"backupFile":"G:\\4y Research Project\\New folder\\deployment\\smart-tuition-system\\backend\\backups\\backup-2025-04-23T14-04-39-866Z.sql","dbConfig":{"database":"tuition_management","host":"localhost","port":"5421","user":"postgres"},"level":"info","message":"Starting database backup...","pgDumpPath":"C:\\Program Files\\PostgreSQL\\17\\bin\\pg_dump.exe","service":"tuition-system","timestamp":"2025-04-23 19:34:39"}
{"level":"info","message":"Successfully connected to PostgreSQL database","service":"tuition-system","timestamp":"2025-04-23 19:34:39"}
{"level":"info","message":"PostgreSQL version:","service":"tuition-system","timestamp":"2025-04-23 19:34:39","version":"PostgreSQL 17.2 on x86_64-windows, compiled by msvc-19.42.34435, 64-bit"}
{"backupFile":"G:\\4y Research Project\\New folder\\deployment\\smart-tuition-system\\backend\\backups\\backup-2025-04-23T14-04-39-866Z.sql","level":"info","message":"Backup completed successfully","service":"tuition-system","timestamp":"2025-04-23 19:34:40"}
{"level":"info","message":"Server running on port 5000","service":"tuition-system","timestamp":"2025-04-23 19:34:40"}
{"level":"info","message":"Connecting to database...","service":"tuition-system","timestamp":"2025-04-23 19:43:23"}
{"backupFile":"G:\\4y Research Project\\New folder\\deployment\\smart-tuition-system\\backend\\backups\\backup-2025-04-23T14-13-23-054Z.sql","dbConfig":{"database":"tuition_management","host":"localhost","port":"5421","user":"postgres"},"level":"info","message":"Starting database backup...","pgDumpPath":"C:\\Program Files\\PostgreSQL\\17\\bin\\pg_dump.exe","service":"tuition-system","timestamp":"2025-04-23 19:43:23"}
{"level":"info","message":"Successfully connected to PostgreSQL database","service":"tuition-system","timestamp":"2025-04-23 19:43:23"}
{"level":"info","message":"PostgreSQL version:","service":"tuition-system","timestamp":"2025-04-23 19:43:23","version":"PostgreSQL 17.2 on x86_64-windows, compiled by msvc-19.42.34435, 64-bit"}
{"backupFile":"G:\\4y Research Project\\New folder\\deployment\\smart-tuition-system\\backend\\backups\\backup-2025-04-23T14-13-23-054Z.sql","level":"info","message":"Backup completed successfully","service":"tuition-system","timestamp":"2025-04-23 19:43:23"}
{"level":"info","message":"Server running on port 5000","service":"tuition-system","timestamp":"2025-04-23 19:43:23"}
{"level":"info","message":"Connecting to database...","service":"tuition-system","timestamp":"2025-04-23 19:43:56"}
{"backupFile":"G:\\4y Research Project\\New folder\\deployment\\smart-tuition-system\\backend\\backups\\backup-2025-04-23T14-13-56-404Z.sql","dbConfig":{"database":"tuition_management","host":"localhost","port":"5421","user":"postgres"},"level":"info","message":"Starting database backup...","pgDumpPath":"C:\\Program Files\\PostgreSQL\\17\\bin\\pg_dump.exe","service":"tuition-system","timestamp":"2025-04-23 19:43:56"}
{"level":"info","message":"Successfully connected to PostgreSQL database","service":"tuition-system","timestamp":"2025-04-23 19:43:56"}
{"level":"info","message":"PostgreSQL version:","service":"tuition-system","timestamp":"2025-04-23 19:43:56","version":"PostgreSQL 17.2 on x86_64-windows, compiled by msvc-19.42.34435, 64-bit"}
{"backupFile":"G:\\4y Research Project\\New folder\\deployment\\smart-tuition-system\\backend\\backups\\backup-2025-04-23T14-13-56-404Z.sql","level":"info","message":"Backup completed successfully","service":"tuition-system","timestamp":"2025-04-23 19:43:56"}
{"level":"warn","message":"Port 5000 is in use, trying next port","service":"tuition-system","timestamp":"2025-04-23 19:43:56"}
{"level":"info","message":"Server running on port 5001","service":"tuition-system","timestamp":"2025-04-23 19:43:56"}
{"level":"info","message":"Connecting to database...","service":"tuition-system","timestamp":"2025-04-23 19:45:16"}
{"backupFile":"G:\\4y Research Project\\New folder\\deployment\\smart-tuition-system\\backend\\backups\\backup-2025-04-23T14-15-16-247Z.sql","dbConfig":{"database":"tuition_management","host":"localhost","port":"5421","user":"postgres"},"level":"info","message":"Starting database backup...","pgDumpPath":"C:\\Program Files\\PostgreSQL\\17\\bin\\pg_dump.exe","service":"tuition-system","timestamp":"2025-04-23 19:45:16"}
{"level":"info","message":"Successfully connected to PostgreSQL database","service":"tuition-system","timestamp":"2025-04-23 19:45:16"}
{"level":"info","message":"PostgreSQL version:","service":"tuition-system","timestamp":"2025-04-23 19:45:16","version":"PostgreSQL 17.2 on x86_64-windows, compiled by msvc-19.42.34435, 64-bit"}
{"backupFile":"G:\\4y Research Project\\New folder\\deployment\\smart-tuition-system\\backend\\backups\\backup-2025-04-23T14-15-16-247Z.sql","level":"info","message":"Backup completed successfully","service":"tuition-system","timestamp":"2025-04-23 19:45:16"}
{"level":"info","message":"Server running on port 5000","service":"tuition-system","timestamp":"2025-04-23 19:45:16"}
{"level":"info","message":"Connecting to database...","service":"tuition-system","timestamp":"2025-04-23 19:47:58"}
{"backupFile":"G:\\4y Research Project\\New folder\\deployment\\smart-tuition-system\\backend\\backups\\backup-2025-04-23T14-17-58-377Z.sql","dbConfig":{"database":"tuition_management","host":"localhost","port":"5421","user":"postgres"},"level":"info","message":"Starting database backup...","pgDumpPath":"C:\\Program Files\\PostgreSQL\\17\\bin\\pg_dump.exe","service":"tuition-system","timestamp":"2025-04-23 19:47:58"}
{"level":"info","message":"Successfully connected to PostgreSQL database","service":"tuition-system","timestamp":"2025-04-23 19:47:58"}
{"level":"info","message":"PostgreSQL version:","service":"tuition-system","timestamp":"2025-04-23 19:47:58","version":"PostgreSQL 17.2 on x86_64-windows, compiled by msvc-19.42.34435, 64-bit"}
{"backupFile":"G:\\4y Research Project\\New folder\\deployment\\smart-tuition-system\\backend\\backups\\backup-2025-04-23T14-17-58-377Z.sql","level":"info","message":"Backup completed successfully","service":"tuition-system","timestamp":"2025-04-23 19:47:58"}
{"level":"info","message":"Server running on port 5000","service":"tuition-system","timestamp":"2025-04-23 19:47:58"}
{"level":"info","message":"Connecting to database...","service":"tuition-system","timestamp":"2025-04-23 19:48:00"}
{"backupFile":"G:\\4y Research Project\\New folder\\deployment\\smart-tuition-system\\backend\\backups\\backup-2025-04-23T14-18-00-568Z.sql","dbConfig":{"database":"tuition_management","host":"localhost","port":"5421","user":"postgres"},"level":"info","message":"Starting database backup...","pgDumpPath":"C:\\Program Files\\PostgreSQL\\17\\bin\\pg_dump.exe","service":"tuition-system","timestamp":"2025-04-23 19:48:00"}
{"level":"info","message":"Successfully connected to PostgreSQL database","service":"tuition-system","timestamp":"2025-04-23 19:48:00"}
{"level":"info","message":"PostgreSQL version:","service":"tuition-system","timestamp":"2025-04-23 19:48:00","version":"PostgreSQL 17.2 on x86_64-windows, compiled by msvc-19.42.34435, 64-bit"}
{"backupFile":"G:\\4y Research Project\\New folder\\deployment\\smart-tuition-system\\backend\\backups\\backup-2025-04-23T14-18-00-568Z.sql","level":"info","message":"Backup completed successfully","service":"tuition-system","timestamp":"2025-04-23 19:48:00"}
{"level":"info","message":"Server running on port 5000","service":"tuition-system","timestamp":"2025-04-23 19:48:00"}
{"level":"info","message":"Connecting to database...","service":"tuition-system","timestamp":"2025-04-23 19:48:32"}
{"level":"info","message":"Successfully connected to PostgreSQL database","service":"tuition-system","timestamp":"2025-04-23 19:48:33"}
{"level":"info","message":"PostgreSQL version:","service":"tuition-system","timestamp":"2025-04-23 19:48:33","version":"PostgreSQL 17.2 on x86_64-windows, compiled by msvc-19.42.34435, 64-bit"}
{"level":"info","message":"Connecting to database...","service":"tuition-system","timestamp":"2025-04-23 20:04:16"}
{"backupFile":"G:\\4y Research Project\\New folder\\deployment\\smart-tuition-system\\backend\\backups\\backup-2025-04-23T14-34-16-389Z.sql","dbConfig":{"database":"tuition_management","host":"localhost","port":"5421","user":"postgres"},"level":"info","message":"Starting database backup...","pgDumpPath":"C:\\Program Files\\PostgreSQL\\17\\bin\\pg_dump.exe","service":"tuition-system","timestamp":"2025-04-23 20:04:16"}
{"level":"info","message":"Successfully connected to PostgreSQL database","service":"tuition-system","timestamp":"2025-04-23 20:04:16"}
{"level":"info","message":"PostgreSQL version:","service":"tuition-system","timestamp":"2025-04-23 20:04:16","version":"PostgreSQL 17.2 on x86_64-windows, compiled by msvc-19.42.34435, 64-bit"}
{"backupFile":"G:\\4y Research Project\\New folder\\deployment\\smart-tuition-system\\backend\\backups\\backup-2025-04-23T14-34-16-389Z.sql","level":"info","message":"Backup completed successfully","service":"tuition-system","timestamp":"2025-04-23 20:04:16"}
{"level":"info","message":"Server running on port 5000","service":"tuition-system","timestamp":"2025-04-23 20:04:16"}
{"level":"info","message":"Connecting to database...","service":"tuition-system","timestamp":"2025-04-23 20:04:18"}
{"backupFile":"G:\\4y Research Project\\New folder\\deployment\\smart-tuition-system\\backend\\backups\\backup-2025-04-23T14-34-18-192Z.sql","dbConfig":{"database":"tuition_management","host":"localhost","port":"5421","user":"postgres"},"level":"info","message":"Starting database backup...","pgDumpPath":"C:\\Program Files\\PostgreSQL\\17\\bin\\pg_dump.exe","service":"tuition-system","timestamp":"2025-04-23 20:04:18"}
{"level":"info","message":"Successfully connected to PostgreSQL database","service":"tuition-system","timestamp":"2025-04-23 20:04:18"}
{"level":"info","message":"PostgreSQL version:","service":"tuition-system","timestamp":"2025-04-23 20:04:18","version":"PostgreSQL 17.2 on x86_64-windows, compiled by msvc-19.42.34435, 64-bit"}
{"backupFile":"G:\\4y Research Project\\New folder\\deployment\\smart-tuition-system\\backend\\backups\\backup-2025-04-23T14-34-18-192Z.sql","level":"info","message":"Backup completed successfully","service":"tuition-system","timestamp":"2025-04-23 20:04:18"}
{"level":"info","message":"Server running on port 5000","service":"tuition-system","timestamp":"2025-04-23 20:04:18"}
{"level":"info","message":"Connecting to database...","service":"tuition-system","timestamp":"2025-04-23 20:04:55"}
{"level":"info","message":"Successfully connected to PostgreSQL database","service":"tuition-system","timestamp":"2025-04-23 20:04:55"}
{"level":"info","message":"PostgreSQL version:","service":"tuition-system","timestamp":"2025-04-23 20:04:55","version":"PostgreSQL 17.2 on x86_64-windows, compiled by msvc-19.42.34435, 64-bit"}
{"level":"info","message":"Connecting to database...","service":"tuition-system","timestamp":"2025-04-23 20:50:14"}
{"backupFile":"G:\\4y Research Project\\New folder\\deployment\\smart-tuition-system\\backend\\backups\\backup-2025-04-23T15-20-14-297Z.sql","dbConfig":{"database":"tuition_management","host":"localhost","port":"5421","user":"postgres"},"level":"info","message":"Starting database backup...","pgDumpPath":"C:\\Program Files\\PostgreSQL\\17\\bin\\pg_dump.exe","service":"tuition-system","timestamp":"2025-04-23 20:50:14"}
{"level":"info","message":"Successfully connected to PostgreSQL database","service":"tuition-system","timestamp":"2025-04-23 20:50:14"}
{"level":"info","message":"PostgreSQL version:","service":"tuition-system","timestamp":"2025-04-23 20:50:14","version":"PostgreSQL 17.2 on x86_64-windows, compiled by msvc-19.42.34435, 64-bit"}
{"backupFile":"G:\\4y Research Project\\New folder\\deployment\\smart-tuition-system\\backend\\backups\\backup-2025-04-23T15-20-14-297Z.sql","level":"info","message":"Backup completed successfully","service":"tuition-system","timestamp":"2025-04-23 20:50:14"}
{"level":"info","message":"Server running on port 5000","service":"tuition-system","timestamp":"2025-04-23 20:50:14"}
{"level":"info","message":"Connecting to database...","service":"tuition-system","timestamp":"2025-04-23 20:50:15"}
{"backupFile":"G:\\4y Research Project\\New folder\\deployment\\smart-tuition-system\\backend\\backups\\backup-2025-04-23T15-20-15-701Z.sql","dbConfig":{"database":"tuition_management","host":"localhost","port":"5421","user":"postgres"},"level":"info","message":"Starting database backup...","pgDumpPath":"C:\\Program Files\\PostgreSQL\\17\\bin\\pg_dump.exe","service":"tuition-system","timestamp":"2025-04-23 20:50:15"}
{"backupFile":"G:\\4y Research Project\\New folder\\deployment\\smart-tuition-system\\backend\\backups\\backup-2025-04-23T15-20-15-701Z.sql","level":"info","message":"Backup completed successfully","service":"tuition-system","timestamp":"2025-04-23 20:50:15"}
{"level":"info","message":"Server running on port 5000","service":"tuition-system","timestamp":"2025-04-23 20:50:15"}
{"level":"info","message":"Successfully connected to PostgreSQL database","service":"tuition-system","timestamp":"2025-04-23 20:50:15"}
{"level":"info","message":"PostgreSQL version:","service":"tuition-system","timestamp":"2025-04-23 20:50:15","version":"PostgreSQL 17.2 on x86_64-windows, compiled by msvc-19.42.34435, 64-bit"}
{"level":"info","message":"Connecting to database...","service":"tuition-system","timestamp":"2025-04-23 20:51:16"}
{"level":"info","message":"Successfully connected to PostgreSQL database","service":"tuition-system","timestamp":"2025-04-23 20:51:16"}
{"level":"info","message":"PostgreSQL version:","service":"tuition-system","timestamp":"2025-04-23 20:51:16","version":"PostgreSQL 17.2 on x86_64-windows, compiled by msvc-19.42.34435, 64-bit"}
{"level":"info","message":"Connecting to database...","service":"tuition-system","timestamp":"2025-04-23 20:51:40"}
{"level":"info","message":"Successfully connected to PostgreSQL database","service":"tuition-system","timestamp":"2025-04-23 20:51:40"}
{"level":"info","message":"PostgreSQL version:","service":"tuition-system","timestamp":"2025-04-23 20:51:40","version":"PostgreSQL 17.2 on x86_64-windows, compiled by msvc-19.42.34435, 64-bit"}
{"level":"info","message":"Connecting to database...","service":"tuition-system","timestamp":"2025-04-23 20:52:17"}
{"backupFile":"G:\\4y Research Project\\New folder\\deployment\\smart-tuition-system\\backend\\backups\\backup-2025-04-23T15-22-17-661Z.sql","dbConfig":{"database":"tuition_management","host":"localhost","port":"5421","user":"postgres"},"level":"info","message":"Starting database backup...","pgDumpPath":"C:\\Program Files\\PostgreSQL\\17\\bin\\pg_dump.exe","service":"tuition-system","timestamp":"2025-04-23 20:52:17"}
{"level":"info","message":"Successfully connected to PostgreSQL database","service":"tuition-system","timestamp":"2025-04-23 20:52:17"}
{"level":"info","message":"PostgreSQL version:","service":"tuition-system","timestamp":"2025-04-23 20:52:17","version":"PostgreSQL 17.2 on x86_64-windows, compiled by msvc-19.42.34435, 64-bit"}
{"backupFile":"G:\\4y Research Project\\New folder\\deployment\\smart-tuition-system\\backend\\backups\\backup-2025-04-23T15-22-17-661Z.sql","level":"info","message":"Backup completed successfully","service":"tuition-system","timestamp":"2025-04-23 20:52:17"}
{"level":"warn","message":"Port 5000 is in use, trying next port","service":"tuition-system","timestamp":"2025-04-23 20:52:17"}
{"level":"info","message":"Server running on port 5001","service":"tuition-system","timestamp":"2025-04-23 20:52:17"}
